<?xml version="1.0" encoding="UTF-8"?>
<!-- Generated by org.testng.reporters.JUnitXMLReporter -->
<testsuite hostname="DESKTOP-42ER5TB" name="test_regression" tests="3" failures="1" timestamp="17 Mar 2018 14:25:31 GMT" time="132.24" errors="0">
  <testcase name="testEditData" time="88.449" classname="scripts.Edit_Lead_Information_in_V_tiger_7"/>
  <testcase name="loginScript" time="29.241" classname="scripts.Login_Script_In_Selenium_1"/>
  <testcase name="test" time="13.765" classname="scripts.TestScript">
    <failure type="java.lang.AssertionError">
      <![CDATA[java.lang.AssertionError
	at org.junit.Assert.fail(Assert.java:92)
	at org.junit.Assert.assertTrue(Assert.java:43)
	at org.junit.Assert.assertTrue(Assert.java:54)
	at scripts.TestScript.test(TestScript.java:21)
	at java.util.concurrent.FutureTask.run(FutureTask.java:266)
	at java.util.concurrent.ThreadPoolExecutor.runWorker(ThreadPoolExecutor.java:1142)
	at java.util.concurrent.ThreadPoolExecutor$Worker.run(ThreadPoolExecutor.java:617)
	at java.lang.Thread.run(Thread.java:748)
... Removed 16 stack frames]]>
    </failure>
  </testcase> <!-- test -->
</testsuite> <!-- test_regression -->
